# JRE version: OpenJDK Runtime Environment (8.0_242-b01) (build 1.8.0_242-release-1644-b01)
# Java VM: OpenJDK 64-Bit Server VM (25.242-b01 mixed mode windows-amd64 compressed oops)
Heap:
 PSYoungGen      total 195584K, used 82740K [0x00000000d5580000, 0x00000000e5900000, 0x0000000100000000)
  eden space 157696K, 28% used [0x00000000d5580000,0x00000000d814f828,0x00000000def80000)
  from space 37888K, 99% used [0x00000000e1e00000,0x00000000e42fda78,0x00000000e4300000)
  to   space 47616K, 0% used [0x00000000def80000,0x00000000def80000,0x00000000e1e00000)
 ParOldGen       total 216576K, used 64543K [0x0000000080000000, 0x000000008d380000, 0x00000000d5580000)
  object space 216576K, 29% used [0x0000000080000000,0x0000000083f07d70,0x000000008d380000)
 Metaspace       used 112648K, capacity 118992K, committed 119128K, reserved 1153024K
  class space    used 14737K, capacity 15916K, committed 16000K, reserved 1048576K
GC Heap History (10 events):
Event: 1287.564 GC heap before
{Heap before GC invocations=26 (full 4):
 PSYoungGen      total 189952K, used 7775K [0x00000000d5580000, 0x00000000e3980000, 0x0000000100000000)
  eden space 157696K, 0% used [0x00000000d5580000,0x00000000d5580000,0x00000000def80000)
  from space 32256K, 24% used [0x00000000e1a00000,0x00000000e2197f38,0x00000000e3980000)
  to   space 37888K, 0% used [0x00000000def80000,0x00000000def80000,0x00000000e1480000)
 ParOldGen       total 134144K, used 101084K [0x0000000080000000, 0x0000000088300000, 0x00000000d5580000)
  object space 134144K, 75% used [0x0000000080000000,0x00000000862b7070,0x0000000088300000)
 Metaspace       used 93106K, capacity 98224K, committed 98264K, reserved 1134592K
  class space    used 12334K, capacity 13276K, committed 13312K, reserved 1048576K
Event: 1287.786 GC heap after
Heap after GC invocations=26 (full 4):
 PSYoungGen      total 189952K, used 0K [0x00000000d5580000, 0x00000000e3980000, 0x0000000100000000)
  eden space 157696K, 0% used [0x00000000d5580000,0x00000000d5580000,0x00000000def80000)
  from space 32256K, 0% used [0x00000000e1a00000,0x00000000e1a00000,0x00000000e3980000)
  to   space 37888K, 0% used [0x00000000def80000,0x00000000def80000,0x00000000e1480000)
 ParOldGen       total 216576K, used 52763K [0x0000000080000000, 0x000000008d380000, 0x00000000d5580000)
  object space 216576K, 24% used [0x0000000080000000,0x0000000083386f20,0x000000008d380000)
 Metaspace       used 93019K, capacity 97968K, committed 98264K, reserved 1134592K
  class space    used 12307K, capacity 13228K, committed 13312K, reserved 1048576K
}
Event: 1297.595 GC heap before
{Heap before GC invocations=27 (full 4):
 PSYoungGen      total 189952K, used 157696K [0x00000000d5580000, 0x00000000e3980000, 0x0000000100000000)
  eden space 157696K, 100% used [0x00000000d5580000,0x00000000def80000,0x00000000def80000)
  from space 32256K, 0% used [0x00000000e1a00000,0x00000000e1a00000,0x00000000e3980000)
  to   space 37888K, 0% used [0x00000000def80000,0x00000000def80000,0x00000000e1480000)
 ParOldGen       total 216576K, used 52763K [0x0000000080000000, 0x000000008d380000, 0x00000000d5580000)
  object space 216576K, 24% used [0x0000000080000000,0x0000000083386f20,0x000000008d380000)
 Metaspace       used 100641K, capacity 106000K, committed 106200K, reserved 1140736K
  class space    used 13259K, capacity 14255K, committed 14336K, reserved 1048576K
Event: 1297.610 GC heap after
Heap after GC invocations=27 (full 4):
 PSYoungGen      total 195584K, used 13959K [0x00000000d5580000, 0x00000000e3c00000, 0x0000000100000000)
  eden space 157696K, 0% used [0x00000000d5580000,0x00000000d5580000,0x00000000def80000)
  from space 37888K, 36% used [0x00000000def80000,0x00000000dfd21e88,0x00000000e1480000)
  to   space 35840K, 0% used [0x00000000e1900000,0x00000000e1900000,0x00000000e3c00000)
 ParOldGen       total 216576K, used 52771K [0x0000000080000000, 0x000000008d380000, 0x00000000d5580000)
  object space 216576K, 24% used [0x0000000080000000,0x0000000083388f20,0x000000008d380000)
 Metaspace       used 100641K, capacity 106000K, committed 106200K, reserved 1140736K
  class space    used 13259K, capacity 14255K, committed 14336K, reserved 1048576K
}
Event: 1305.737 GC heap before
{Heap before GC invocations=28 (full 4):
 PSYoungGen      total 195584K, used 171655K [0x00000000d5580000, 0x00000000e3c00000, 0x0000000100000000)
  eden space 157696K, 100% used [0x00000000d5580000,0x00000000def80000,0x00000000def80000)
  from space 37888K, 36% used [0x00000000def80000,0x00000000dfd21e88,0x00000000e1480000)
  to   space 35840K, 0% used [0x00000000e1900000,0x00000000e1900000,0x00000000e3c00000)
 ParOldGen       total 216576K, used 52771K [0x0000000080000000, 0x000000008d380000, 0x00000000d5580000)
  object space 216576K, 24% used [0x0000000080000000,0x0000000083388f20,0x000000008d380000)
 Metaspace       used 108136K, capacity 113750K, committed 113880K, reserved 1148928K
  class space    used 14245K, capacity 15299K, committed 15360K, reserved 1048576K
Event: 1305.763 GC heap after
Heap after GC invocations=28 (full 4):
 PSYoungGen      total 198656K, used 25124K [0x00000000d5580000, 0x00000000e4000000, 0x0000000100000000)
  eden space 162816K, 0% used [0x00000000d5580000,0x00000000d5580000,0x00000000df480000)
  from space 35840K, 70% used [0x00000000e1900000,0x00000000e31892b8,0x00000000e3c00000)
  to   space 37376K, 0% used [0x00000000df480000,0x00000000df480000,0x00000000e1900000)
 ParOldGen       total 216576K, used 52779K [0x0000000080000000, 0x000000008d380000, 0x00000000d5580000)
  object space 216576K, 24% used [0x0000000080000000,0x000000008338af20,0x000000008d380000)
 Metaspace       used 108136K, capacity 113750K, committed 113880K, reserved 1148928K
  class space    used 14245K, capacity 15299K, committed 15360K, reserved 1048576K
}
Event: 1891.317 GC heap before
{Heap before GC invocations=29 (full 4):
 PSYoungGen      total 198656K, used 187940K [0x00000000d5580000, 0x00000000e4000000, 0x0000000100000000)
  eden space 162816K, 100% used [0x00000000d5580000,0x00000000df480000,0x00000000df480000)
  from space 35840K, 70% used [0x00000000e1900000,0x00000000e31892b8,0x00000000e3c00000)
  to   space 37376K, 0% used [0x00000000df480000,0x00000000df480000,0x00000000e1900000)
 ParOldGen       total 216576K, used 52779K [0x0000000080000000, 0x000000008d380000, 0x00000000d5580000)
  object space 216576K, 24% used [0x0000000080000000,0x000000008338af20,0x000000008d380000)
 Metaspace       used 109585K, capacity 115610K, committed 115672K, reserved 1148928K
  class space    used 14442K, capacity 15591K, committed 15616K, reserved 1048576K
Event: 1891.338 GC heap after
Heap after GC invocations=29 (full 4):
 PSYoungGen      total 200192K, used 22862K [0x00000000d5580000, 0x00000000e4300000, 0x0000000100000000)
  eden space 162816K, 0% used [0x00000000d5580000,0x00000000d5580000,0x00000000df480000)
  from space 37376K, 61% used [0x00000000df480000,0x00000000e0ad3ae8,0x00000000e1900000)
  to   space 37888K, 0% used [0x00000000e1e00000,0x00000000e1e00000,0x00000000e4300000)
 ParOldGen       total 216576K, used 52787K [0x0000000080000000, 0x000000008d380000, 0x00000000d5580000)
  object space 216576K, 24% used [0x0000000080000000,0x000000008338cf20,0x000000008d380000)
 Metaspace       used 109585K, capacity 115610K, committed 115672K, reserved 1148928K
  class space    used 14442K, capacity 15591K, committed 15616K, reserved 1048576K
}
Event: 1899.742 GC heap before
{Heap before GC invocations=30 (full 4):
 PSYoungGen      total 200192K, used 185678K [0x00000000d5580000, 0x00000000e4300000, 0x0000000100000000)
  eden space 162816K, 100% used [0x00000000d5580000,0x00000000df480000,0x00000000df480000)
  from space 37376K, 61% used [0x00000000df480000,0x00000000e0ad3ae8,0x00000000e1900000)
  to   space 37888K, 0% used [0x00000000e1e00000,0x00000000e1e00000,0x00000000e4300000)
 ParOldGen       total 216576K, used 52787K [0x0000000080000000, 0x000000008d380000, 0x00000000d5580000)
  object space 216576K, 24% used [0x0000000080000000,0x000000008338cf20,0x000000008d380000)
 Metaspace       used 112587K, capacity 118886K, committed 119128K, reserved 1153024K
  class space    used 14731K, capacity 15909K, committed 16000K, reserved 1048576K
Event: 1899.804 GC heap after
Heap after GC invocations=30 (full 4):
 PSYoungGen      total 195584K, used 37878K [0x00000000d5580000, 0x00000000e5900000, 0x0000000100000000)
  eden space 157696K, 0% used [0x00000000d5580000,0x00000000d5580000,0x00000000def80000)
  from space 37888K, 99% used [0x00000000e1e00000,0x00000000e42fda78,0x00000000e4300000)
  to   space 47616K, 0% used [0x00000000def80000,0x00000000def80000,0x00000000e1e00000)
 ParOldGen       total 216576K, used 64543K [0x0000000080000000, 0x000000008d380000, 0x00000000d5580000)
  object space 216576K, 29% used [0x0000000080000000,0x0000000083f07d70,0x000000008d380000)
 Metaspace       used 112587K, capacity 118886K, committed 119128K, reserved 1153024K
  class space    used 14731K, capacity 15909K, committed 16000K, reserved 1048576K
}

